<?xml version="1.0" encoding="UTF-8"?>
<testng-results ignored="0" total="1" passed="1" failed="0" skipped="0">
  <reporter-output>
  </reporter-output>
  <suite started-at="2023-01-04T17:20:04 IST" name="Default suite" finished-at="2023-01-04T17:20:07 IST" duration-ms="2886">
    <groups>
    </groups>
    <test started-at="2023-01-04T17:20:04 IST" name="Default test" finished-at="2023-01-04T17:20:07 IST" duration-ms="2886">
      <class name="RequestChaining.PostAndDelete_Project">
        <test-method signature="postAndDeleteTest()[pri:0, instance:RequestChaining.PostAndDelete_Project@5fd4f8f5]" started-at="2023-01-04T17:20:04 IST" name="postAndDeleteTest" finished-at="2023-01-04T17:20:07 IST" duration-ms="2837" status="PASS">
          <reporter-output>
          </reporter-output>
        </test-method> <!-- postAndDeleteTest -->
      </class> <!-- RequestChaining.PostAndDelete_Project -->
    </test> <!-- Default test -->
  </suite> <!-- Default suite -->
</testng-results>
